<?xml version="1.0" encoding="UTF-8"?>
<!-- Generated by org.testng.reporters.JUnitReportReporter -->
<testsuite hostname="Mahbubs-MacBook-Pro.local" name="com.newtours.testcases.newToursCommon" tests="1" failures="0" timestamp="29 Jul 2016 12:16:57 GMT" time="4.282" errors="0">
  <testcase name="login" time="4.282" classname="com.newtours.testcases.newToursCommon"/>
</testsuite> <!-- com.newtours.testcases.newToursCommon -->
