<?xml version="1.0" encoding="UTF-8"?>
<!-- Generated by org.testng.reporters.JUnitReportReporter -->
<testsuite hostname="Mahbubs-MacBook-Pro.local" name="com.newtours.testcases.newToursCommonPF" tests="1" failures="0" timestamp="29 Jul 2016 15:33:54 GMT" time="4.091" errors="0">
  <testcase name="login" time="4.091" classname="com.newtours.testcases.newToursCommonPF"/>
</testsuite> <!-- com.newtours.testcases.newToursCommonPF -->
